android/build/outputs/proguard/release/seeds.txt
com.badlogic.gdx.jnigen.BuildTarget$TargetOs
com.badlogic.gdx.jnigen.BuildTarget$TargetOs: com.badlogic.gdx.jnigen.BuildTarget$TargetOs Windows
com.badlogic.gdx.jnigen.BuildTarget$TargetOs: com.badlogic.gdx.jnigen.BuildTarget$TargetOs Linux
com.badlogic.gdx.jnigen.BuildTarget$TargetOs: com.badlogic.gdx.jnigen.BuildTarget$TargetOs MacOsX
com.badlogic.gdx.jnigen.BuildTarget$TargetOs: com.badlogic.gdx.jnigen.BuildTarget$TargetOs Android
com.badlogic.gdx.jnigen.BuildTarget$TargetOs: com.badlogic.gdx.jnigen.BuildTarget$TargetOs IOS
com.badlogic.gdx.jnigen.BuildTarget$TargetOs: com.badlogic.gdx.jnigen.BuildTarget$TargetOs[] $VALUES
com.badlogic.gdx.jnigen.BuildTarget$TargetOs: com.badlogic.gdx.jnigen.BuildTarget$TargetOs[] values()
com.badlogic.gdx.jnigen.BuildTarget$TargetOs: com.badlogic.gdx.jnigen.BuildTarget$TargetOs valueOf(java.lang.String)
com.badlogic.gdx.jnigen.BuildTarget$TargetOs: BuildTarget$TargetOs(java.lang.String,int)
com.badlogic.gdx.jnigen.BuildTarget$TargetOs: void <clinit>()
com.badlogic.gdx.jnigen.FileDescriptor
com.badlogic.gdx.jnigen.FileDescriptor: java.io.File file
com.badlogic.gdx.jnigen.FileDescriptor: com.badlogic.gdx.jnigen.FileDescriptor$FileType type
com.badlogic.gdx.jnigen.FileDescriptor: FileDescriptor()
com.badlogic.gdx.jnigen.FileDescriptor: FileDescriptor(java.lang.String)
com.badlogic.gdx.jnigen.FileDescriptor: FileDescriptor(java.io.File)
com.badlogic.gdx.jnigen.FileDescriptor: FileDescriptor(java.lang.String,com.badlogic.gdx.jnigen.FileDescriptor$FileType)
com.badlogic.gdx.jnigen.FileDescriptor: FileDescriptor(java.io.File,com.badlogic.gdx.jnigen.FileDescriptor$FileType)
com.badlogic.gdx.jnigen.FileDescriptor: java.lang.String path()
com.badlogic.gdx.jnigen.FileDescriptor: java.lang.String name()
com.badlogic.gdx.jnigen.FileDescriptor: java.lang.String extension()
com.badlogic.gdx.jnigen.FileDescriptor: java.lang.String nameWithoutExtension()
com.badlogic.gdx.jnigen.FileDescriptor: com.badlogic.gdx.jnigen.FileDescriptor$FileType type()
com.badlogic.gdx.jnigen.FileDescriptor: java.io.File file()
com.badlogic.gdx.jnigen.FileDescriptor: java.io.InputStream read()
com.badlogic.gdx.jnigen.FileDescriptor: java.io.Reader reader()
com.badlogic.gdx.jnigen.FileDescriptor: java.io.Reader reader(java.lang.String)
com.badlogic.gdx.jnigen.FileDescriptor: java.io.BufferedReader reader(int)
com.badlogic.gdx.jnigen.FileDescriptor: java.io.BufferedReader reader(int,java.lang.String)
com.badlogic.gdx.jnigen.FileDescriptor$FileType
com.badlogic.gdx.jnigen.FileDescriptor$FileType: com.badlogic.gdx.jnigen.FileDescriptor$FileType Classpath
com.badlogic.gdx.jnigen.FileDescriptor$FileType: com.badlogic.gdx.jnigen.FileDescriptor$FileType Absolute
com.badlogic.gdx.jnigen.FileDescriptor$FileType: com.badlogic.gdx.jnigen.FileDescriptor$FileType[] $VALUES
com.badlogic.gdx.jnigen.FileDescriptor$FileType: com.badlogic.gdx.jnigen.FileDescriptor$FileType[] values()
com.badlogic.gdx.jnigen.FileDescriptor$FileType: com.badlogic.gdx.jnigen.FileDescriptor$FileType valueOf(java.lang.String)
com.badlogic.gdx.jnigen.FileDescriptor$FileType: FileDescriptor$FileType(java.lang.String,int)
com.badlogic.gdx.jnigen.FileDescriptor$FileType: void <clinit>()