android/build/outputs/proguard/release/mapping.txt
net.owan.android.c.g.c -> net.owan.android.c.g.c:
    android.content.Context a -> a
    long b -> b
    long c -> c
    boolean d -> d
    java.lang.String e -> e
    java.io.File f -> f
    int a() -> a
    long b() -> b
    int c() -> c
    long d() -> d
net.owan.android.c.g.d -> net.owan.android.c.g.d:
    java.lang.String a(android.content.Context,java.lang.String) -> a
    java.lang.String a(android.content.Context,java.lang.String,java.util.List) -> a
    java.lang.String a(android.content.Context,java.lang.String,java.lang.String) -> a
    java.lang.String a(android.content.Context,java.lang.String,java.lang.String,boolean,org.apache.http.Header[]) -> a
    java.lang.String a(android.content.Context,java.lang.String,java.util.List,java.lang.String,org.apache.http.Header[]) -> a
net.owan.android.c.g.e -> net.owan.android.c.g.e:
    net.owan.android.c.f.b a -> a
    net.owan.android.c.f.d b -> b
    android.content.Context c -> c
    net.owan.android.c.f.c d -> d
    void run() -> run
net.owan.android.c.g.f -> net.owan.android.c.g.f:
    net.owan.android.c.f.b a -> a
    net.owan.android.c.f.d b -> b
    android.content.Context c -> c
    net.owan.android.c.f.c d -> d
    java.util.List e -> e
    void run() -> run
net.owan.android.c.g.g -> net.owan.android.c.g.g:
    java.lang.String a -> a
    java.lang.String a() -> a
    org.apache.http.params.HttpParams a(android.content.Context) -> a
    org.apache.http.impl.client.DefaultHttpClient b(android.content.Context) -> b
    org.apache.http.impl.client.DefaultHttpClient a(android.content.Context,net.owan.android.c.g.a) -> a
    boolean a(java.lang.String,java.lang.String) -> a
    long a(android.content.Context,java.lang.String) -> a
net.owan.android.c.g.h -> net.owan.android.c.g.h:
    void a(java.lang.String) -> a
net.owan.android.c.g.i -> net.owan.android.c.g.i:
    net.owan.android.c.g.a a -> a
    boolean isRedirectRequested(org.apache.http.HttpResponse,org.apache.http.protocol.HttpContext) -> isRedirectRequested
    java.net.URI getLocationURI(org.apache.http.HttpResponse,org.apache.http.protocol.HttpContext) -> getLocationURI
net.owan.android.c.g.j -> net.owan.android.c.g.j:
    boolean a(android.content.Context) -> a
    boolean b(android.content.Context) -> b
net.owan.android.c.h.a -> net.owan.android.c.h.a:
    byte[] a -> a
    android.graphics.drawable.NinePatchDrawable a(android.content.Context) -> a
net.owan.android.c.h.b -> net.owan.android.c.h.b:
    android.graphics.Bitmap b -> b
net.owan.android.c.i.a -> net.owan.android.c.i.a:
    net.owan.android.c.i.a a -> a
    android.os.Handler b -> b
    net.owan.android.c.i.a a() -> a
    boolean b() -> b
    boolean a(java.lang.Runnable) -> a
net.owan.android.c.j.a -> net.owan.android.c.j.a:
    java.lang.String a -> a
    java.lang.String b -> b
    int c -> c
    java.lang.String a() -> a
    java.lang.String b() -> b
    int c() -> c
net.owan.android.c.j.b -> net.owan.android.c.j.b:
    long a() -> a
    long a(android.content.Context) -> a
net.owan.android.c.j.c -> net.owan.android.c.j.c:
    boolean a -> a
    int b -> b
    int c -> c
    float d -> d
    int e -> e
    int f -> f
    int g -> g
    int h -> h
    boolean a() -> a
    int b() -> b
    int c() -> c
    int d() -> d
    float e() -> e
    net.owan.android.c.j.c a(android.content.Context) -> a
    net.owan.android.c.j.c b(android.content.Context) -> b
    int f() -> f
    int g() -> g
    int a(int) -> a
    float a(float) -> a
net.owan.android.c.j.d -> net.owan.android.c.j.d:
    boolean a(java.io.File,java.lang.String) -> a