android/build/outputs/proguard/release/usage.txt
japa.parser.ast.expr.AssignExpr$Operator:
    1:1:public static japa.parser.ast.expr.AssignExpr$Operator valueOf(java.lang.String)
japa.parser.ast.expr.BinaryExpr:
    63:67:public BinaryExpr(japa.parser.ast.expr.Expression,japa.parser.ast.expr.Expression,japa.parser.ast.expr.BinaryExpr$Operator)
    99:100:public void setLeft(japa.parser.ast.expr.Expression)
    103:104:public void setOperator(japa.parser.ast.expr.BinaryExpr$Operator)
    107:108:public void setRight(japa.parser.ast.expr.Expression)
japa.parser.ast.expr.BinaryExpr$Operator:
    1:1:public static japa.parser.ast.expr.BinaryExpr$Operator valueOf(java.lang.String)
japa.parser.ast.expr.BooleanLiteralExpr:
    37:39:public BooleanLiteralExpr(boolean)
    61:62:public void setValue(boolean)
japa.parser.ast.expr.CastExpr:
    40:43:public CastExpr(japa.parser.ast.type.Type,japa.parser.ast.expr.Expression)
    70:71:public void setExpr(japa.parser.ast.expr.Expression)
    74:75:public void setType(japa.parser.ast.type.Type)
japa.parser.ast.expr.CharLiteralExpr:
    36:37:public CharLiteralExpr(java.lang.String)
japa.parser.ast.expr.ClassExpr:
    38:40:public ClassExpr(japa.parser.ast.type.Type)
    62:63:public void setType(japa.parser.ast.type.Type)
japa.parser.ast.expr.ConditionalExpr:
    41:45:public ConditionalExpr(japa.parser.ast.expr.Expression,japa.parser.ast.expr.Expression,japa.parser.ast.expr.Expression)
    77:78:public void setCondition(japa.parser.ast.expr.Expression)
    81:82:public void setElseExpr(japa.parser.ast.expr.Expression)
    85:86:public void setThenExpr(japa.parser.ast.expr.Expression)
japa.parser.ast.expr.DoubleLiteralExpr:
    36:37:public DoubleLiteralExpr(java.lang.String)
japa.parser.ast.expr.EnclosedExpr:
    37:39:public EnclosedExpr(japa.parser.ast.expr.Expression)
    61:62:public void setInner(japa.parser.ast.expr.Expression)
japa.parser.ast.expr.FieldAccessExpr:
    44:47:public FieldAccessExpr(japa.parser.ast.expr.Expression,java.lang.String)
    79:80:public void setField(java.lang.String)
    83:84:public void setScope(japa.parser.ast.expr.Expression)
    87:88:public void setTypeArgs(java.util.List)
japa.parser.ast.expr.InstanceOfExpr:
    40:43:public InstanceOfExpr(japa.parser.ast.expr.Expression,japa.parser.ast.type.Type)
    70:71:public void setExpr(japa.parser.ast.expr.Expression)
    74:75:public void setType(japa.parser.ast.type.Type)
japa.parser.ast.expr.IntegerLiteralExpr:
    private static final java.lang.String UNSIGNED_MIN_VALUE
    protected static final java.lang.String MIN_VALUE
japa.parser.ast.expr.LongLiteralExpr:
    private static final java.lang.String UNSIGNED_MIN_VALUE
    protected static final java.lang.String MIN_VALUE
japa.parser.ast.expr.MarkerAnnotationExpr:
    35:37:public MarkerAnnotationExpr(japa.parser.ast.expr.NameExpr)
japa.parser.ast.expr.MemberValuePair:
    40:43:public MemberValuePair(java.lang.String,japa.parser.ast.expr.Expression)
    70:71:public void setName(java.lang.String)
    74:75:public void setValue(japa.parser.ast.expr.Expression)
japa.parser.ast.expr.MethodCallExpr:
    46:49:public MethodCallExpr(japa.parser.ast.expr.Expression,java.lang.String)
    51:55:public MethodCallExpr(japa.parser.ast.expr.Expression,java.lang.String,java.util.List)
    92:93:public void setArgs(java.util.List)
    96:97:public void setName(java.lang.String)
    100:101:public void setScope(japa.parser.ast.expr.Expression)
    104:105:public void setTypeArgs(java.util.List)
japa.parser.ast.expr.NameExpr:
    37:39:public NameExpr(java.lang.String)
    61:62:public final void setName(java.lang.String)
japa.parser.ast.expr.NormalAnnotationExpr:
    39:42:public NormalAnnotationExpr(japa.parser.ast.expr.NameExpr,java.util.List)
    65:66:public void setPairs(java.util.List)